<?xml version="1.0" encoding="UTF-8"?>
<testsuite name="fr.spring.fractal.fractal.FractalApplicationTests" tests="1" skipped="0" failures="0" errors="0" timestamp="2021-03-17T09:27:00" hostname="macbook-8" time="0.305">
  <properties/>
  <testcase name="contextLoads()" classname="fr.spring.fractal.fractal.FractalApplicationTests" time="0.305"/>
  <system-out><![CDATA[10:26:59.479 [Test worker] DEBUG org.springframework.test.context.BootstrapUtils - Instantiating CacheAwareContextLoaderDelegate from class [org.springframework.test.context.cache.DefaultCacheAwareContextLoaderDelegate]
10:26:59.494 [Test worker] DEBUG org.springframework.test.context.BootstrapUtils - Instantiating BootstrapContext using constructor [public org.springframework.test.context.support.DefaultBootstrapContext(java.lang.Class,org.springframework.test.context.CacheAwareContextLoaderDelegate)]
10:26:59.532 [Test worker] DEBUG org.springframework.test.context.BootstrapUtils - Instantiating TestContextBootstrapper for test class [fr.spring.fractal.fractal.FractalApplicationTests] from class [org.springframework.boot.test.context.SpringBootTestContextBootstrapper]
10:26:59.548 [Test worker] INFO org.springframework.boot.test.context.SpringBootTestContextBootstrapper - Neither @ContextConfiguration nor @ContextHierarchy found for test class [fr.spring.fractal.fractal.FractalApplicationTests], using SpringBootContextLoader
10:26:59.554 [Test worker] DEBUG org.springframework.test.context.support.AbstractContextLoader - Did not detect default resource location for test class [fr.spring.fractal.fractal.FractalApplicationTests]: class path resource [fr/spring/fractal/fractal/FractalApplicationTests-context.xml] does not exist
10:26:59.555 [Test worker] DEBUG org.springframework.test.context.support.AbstractContextLoader - Did not detect default resource location for test class [fr.spring.fractal.fractal.FractalApplicationTests]: class path resource [fr/spring/fractal/fractal/FractalApplicationTestsContext.groovy] does not exist
10:26:59.555 [Test worker] INFO org.springframework.test.context.support.AbstractContextLoader - Could not detect default resource locations for test class [fr.spring.fractal.fractal.FractalApplicationTests]: no resource found for suffixes {-context.xml, Context.groovy}.
10:26:59.556 [Test worker] INFO org.springframework.test.context.support.AnnotationConfigContextLoaderUtils - Could not detect default configuration classes for test class [fr.spring.fractal.fractal.FractalApplicationTests]: FractalApplicationTests does not declare any static, non-private, non-final, nested classes annotated with @Configuration.
10:26:59.607 [Test worker] DEBUG org.springframework.test.context.support.ActiveProfilesUtils - Could not find an 'annotation declaring class' for annotation type [org.springframework.test.context.ActiveProfiles] and class [fr.spring.fractal.fractal.FractalApplicationTests]
10:26:59.690 [Test worker] DEBUG org.springframework.context.annotation.ClassPathScanningCandidateComponentProvider - Identified candidate component class: file [/Users/codingfactory/Documents/spring-fractal/build/classes/java/main/fr/spring/fractal/fractal/FractalApplication.class]
10:26:59.691 [Test worker] INFO org.springframework.boot.test.context.SpringBootTestContextBootstrapper - Found @SpringBootConfiguration fr.spring.fractal.fractal.FractalApplication for test class fr.spring.fractal.fractal.FractalApplicationTests
10:26:59.799 [Test worker] DEBUG org.springframework.boot.test.context.SpringBootTestContextBootstrapper - @TestExecutionListeners is not present for class [fr.spring.fractal.fractal.FractalApplicationTests]: using defaults.
10:26:59.800 [Test worker] INFO org.springframework.boot.test.context.SpringBootTestContextBootstrapper - Loaded default TestExecutionListener class names from location [META-INF/spring.factories]: [org.springframework.boot.test.autoconfigure.restdocs.RestDocsTestExecutionListener, org.springframework.boot.test.autoconfigure.web.client.MockRestServiceServerResetTestExecutionListener, org.springframework.boot.test.autoconfigure.web.servlet.MockMvcPrintOnlyOnFailureTestExecutionListener, org.springframework.boot.test.autoconfigure.web.servlet.WebDriverTestExecutionListener, org.springframework.boot.test.autoconfigure.webservices.client.MockWebServiceServerTestExecutionListener, org.springframework.boot.test.mock.mockito.MockitoTestExecutionListener, org.springframework.boot.test.mock.mockito.ResetMocksTestExecutionListener, org.springframework.test.context.web.ServletTestExecutionListener, org.springframework.test.context.support.DirtiesContextBeforeModesTestExecutionListener, org.springframework.test.context.event.ApplicationEventsTestExecutionListener, org.springframework.test.context.support.DependencyInjectionTestExecutionListener, org.springframework.test.context.support.DirtiesContextTestExecutionListener, org.springframework.test.context.transaction.TransactionalTestExecutionListener, org.springframework.test.context.jdbc.SqlScriptsTestExecutionListener, org.springframework.test.context.event.EventPublishingTestExecutionListener]
10:26:59.807 [Test worker] DEBUG org.springframework.boot.test.context.SpringBootTestContextBootstrapper - Skipping candidate TestExecutionListener [org.springframework.test.context.web.ServletTestExecutionListener] due to a missing dependency. Specify custom listener classes or make the default listener classes and their required dependencies available. Offending class: [javax/servlet/ServletContext]
10:26:59.808 [Test worker] DEBUG org.springframework.boot.test.context.SpringBootTestContextBootstrapper - Skipping candidate TestExecutionListener [org.springframework.test.context.transaction.TransactionalTestExecutionListener] due to a missing dependency. Specify custom listener classes or make the default listener classes and their required dependencies available. Offending class: [org/springframework/transaction/interceptor/TransactionAttributeSource]
10:26:59.809 [Test worker] DEBUG org.springframework.boot.test.context.SpringBootTestContextBootstrapper - Skipping candidate TestExecutionListener [org.springframework.test.context.jdbc.SqlScriptsTestExecutionListener] due to a missing dependency. Specify custom listener classes or make the default listener classes and their required dependencies available. Offending class: [org/springframework/transaction/interceptor/TransactionAttribute]
10:26:59.809 [Test worker] INFO org.springframework.boot.test.context.SpringBootTestContextBootstrapper - Using TestExecutionListeners: [org.springframework.test.context.support.DirtiesContextBeforeModesTestExecutionListener@261291fb, org.springframework.test.context.event.ApplicationEventsTestExecutionListener@2f7db897, org.springframework.boot.test.mock.mockito.MockitoTestExecutionListener@1fc4d7e8, org.springframework.boot.test.autoconfigure.SpringBootDependencyInjectionTestExecutionListener@327f06d9, org.springframework.test.context.support.DirtiesContextTestExecutionListener@50d424, org.springframework.test.context.event.EventPublishingTestExecutionListener@42ab7db9, org.springframework.boot.test.autoconfigure.restdocs.RestDocsTestExecutionListener@7be98993, org.springframework.boot.test.autoconfigure.web.client.MockRestServiceServerResetTestExecutionListener@316a11f9, org.springframework.boot.test.autoconfigure.web.servlet.MockMvcPrintOnlyOnFailureTestExecutionListener@379d1204, org.springframework.boot.test.autoconfigure.web.servlet.WebDriverTestExecutionListener@2e42e7fb, org.springframework.boot.test.autoconfigure.webservices.client.MockWebServiceServerTestExecutionListener@195046b1, org.springframework.boot.test.mock.mockito.ResetMocksTestExecutionListener@78d479bb]
10:26:59.813 [Test worker] DEBUG org.springframework.test.context.support.AbstractDirtiesContextTestExecutionListener - Before test class: context [DefaultTestContext@41cdf8c8 testClass = FractalApplicationTests, testInstance = [null], testMethod = [null], testException = [null], mergedContextConfiguration = [MergedContextConfiguration@7dca50ad testClass = FractalApplicationTests, locations = '{}', classes = '{class fr.spring.fractal.fractal.FractalApplication}', contextInitializerClasses = '[]', activeProfiles = '{}', propertySourceLocations = '{}', propertySourceProperties = '{org.springframework.boot.test.context.SpringBootTestContextBootstrapper=true}', contextCustomizers = set[org.springframework.boot.test.autoconfigure.actuate.metrics.MetricsExportContextCustomizerFactory$DisableMetricExportContextCustomizer@4cfb6b32, org.springframework.boot.test.autoconfigure.properties.PropertyMappingContextCustomizer@0, org.springframework.boot.test.autoconfigure.web.servlet.WebDriverContextCustomizerFactory$Customizer@7371d94d, org.springframework.boot.test.context.filter.ExcludeFilterContextCustomizer@1ef484cd, org.springframework.boot.test.json.DuplicateJsonObjectContextCustomizerFactory$DuplicateJsonObjectContextCustomizer@47f33911, org.springframework.boot.test.mock.mockito.MockitoContextCustomizer@0, org.springframework.boot.test.web.client.TestRestTemplateContextCustomizer@55fe240a, org.springframework.boot.test.context.SpringBootTestArgs@1, org.springframework.boot.test.context.SpringBootTestWebEnvironment@44cee7a7], contextLoader = 'org.springframework.boot.test.context.SpringBootContextLoader', parent = [null]], attributes = map[[empty]]], class annotated with @DirtiesContext [false] with mode [null].
10:26:59.827 [Test worker] DEBUG org.springframework.test.context.support.DependencyInjectionTestExecutionListener - Performing dependency injection for test context [[DefaultTestContext@41cdf8c8 testClass = FractalApplicationTests, testInstance = fr.spring.fractal.fractal.FractalApplicationTests@5dc200fa, testMethod = [null], testException = [null], mergedContextConfiguration = [MergedContextConfiguration@7dca50ad testClass = FractalApplicationTests, locations = '{}', classes = '{class fr.spring.fractal.fractal.FractalApplication}', contextInitializerClasses = '[]', activeProfiles = '{}', propertySourceLocations = '{}', propertySourceProperties = '{org.springframework.boot.test.context.SpringBootTestContextBootstrapper=true}', contextCustomizers = set[org.springframework.boot.test.autoconfigure.actuate.metrics.MetricsExportContextCustomizerFactory$DisableMetricExportContextCustomizer@4cfb6b32, org.springframework.boot.test.autoconfigure.properties.PropertyMappingContextCustomizer@0, org.springframework.boot.test.autoconfigure.web.servlet.WebDriverContextCustomizerFactory$Customizer@7371d94d, org.springframework.boot.test.context.filter.ExcludeFilterContextCustomizer@1ef484cd, org.springframework.boot.test.json.DuplicateJsonObjectContextCustomizerFactory$DuplicateJsonObjectContextCustomizer@47f33911, org.springframework.boot.test.mock.mockito.MockitoContextCustomizer@0, org.springframework.boot.test.web.client.TestRestTemplateContextCustomizer@55fe240a, org.springframework.boot.test.context.SpringBootTestArgs@1, org.springframework.boot.test.context.SpringBootTestWebEnvironment@44cee7a7], contextLoader = 'org.springframework.boot.test.context.SpringBootContextLoader', parent = [null]], attributes = map['org.springframework.test.context.event.ApplicationEventsTestExecutionListener.recordApplicationEvents' -> false]]].
10:26:59.856 [Test worker] DEBUG org.springframework.test.context.support.TestPropertySourceUtils - Adding inlined properties to environment: {spring.jmx.enabled=false, org.springframework.boot.test.context.SpringBootTestContextBootstrapper=true}

  .   ____          _            __ _ _
 /\\ / ___'_ __ _ _(_)_ __  __ _ \ \ \ \
( ( )\___ | '_ | '_| | '_ \/ _` | \ \ \ \
 \\/  ___)| |_)| | | | | || (_| |  ) ) ) )
  '  |____| .__|_| |_|_| |_\__, | / / / /
 =========|_|==============|___/=/_/_/_/
 :: Spring Boot ::                (v2.4.3)

2021-03-17 10:27:00.114  INFO 63188 --- [    Test worker] f.s.f.fractal.FractalApplicationTests    : Starting FractalApplicationTests using Java 15.0.1 on macbook-8 with PID 63188 (started by codingfactory in /Users/codingfactory/Documents/spring-fractal)
2021-03-17 10:27:00.116  INFO 63188 --- [    Test worker] f.s.f.fractal.FractalApplicationTests    : No active profile set, falling back to default profiles: default
2021-03-17 10:27:00.560  INFO 63188 --- [    Test worker] f.s.f.fractal.FractalApplicationTests    : Started FractalApplicationTests in 0.7 seconds (JVM running for 1.983)
]]></system-out>
  <system-err><![CDATA[]]></system-err>
</testsuite>
